<?xml version="1.0" encoding="UTF-8"?>
<trace:TraceModel xmi:version="2.0" xmlns:xmi="http://www.omg.org/XMI" xmlns:trace="http://www.eclipse.org/gmf/2006/Trace">
  <nodeTraces visualID="2001" queryText="(let _eClass_:ecore::EClass = modelFacet.metaClass.ecoreClass in _eClass_.ePackage.nsURI = 'http://ns.storydriven.org/sdm/activities/0.1.0' and _eClass_.name = 'StartNode') and (let _containmentMF_:ecore::EStructuralFeature = modelFacet.containmentMetaFeature.ecoreFeature in (let _eClass_:ecore::EClass = _containmentMF_.eContainingClass in _eClass_.ePackage.nsURI = 'http://ns.storydriven.org/sdm/activities/0.1.0' and _eClass_.name = 'Activity') and _containmentMF_.name = 'ownedActivityNode')"/>
  <nodeTraces visualID="2002" queryText="(let _eClass_:ecore::EClass = modelFacet.metaClass.ecoreClass in _eClass_.ePackage.nsURI = 'http://ns.storydriven.org/sdm/activities/0.1.0' and _eClass_.name = 'StopNode') and (let _containmentMF_:ecore::EStructuralFeature = modelFacet.containmentMetaFeature.ecoreFeature in (let _eClass_:ecore::EClass = _containmentMF_.eContainingClass in _eClass_.ePackage.nsURI = 'http://ns.storydriven.org/sdm/activities/0.1.0' and _eClass_.name = 'Activity') and _containmentMF_.name = 'ownedActivityNode')"/>
  <nodeTraces visualID="2003" queryText="(let _eClass_:ecore::EClass = modelFacet.metaClass.ecoreClass in _eClass_.ePackage.nsURI = 'http://ns.storydriven.org/sdm/activities/0.1.0' and _eClass_.name = 'JunctionNode') and (let _containmentMF_:ecore::EStructuralFeature = modelFacet.containmentMetaFeature.ecoreFeature in (let _eClass_:ecore::EClass = _containmentMF_.eContainingClass in _eClass_.ePackage.nsURI = 'http://ns.storydriven.org/sdm/activities/0.1.0' and _eClass_.name = 'Activity') and _containmentMF_.name = 'ownedActivityNode')"/>
  <nodeTraces visualID="2004" queryText="(let _eClass_:ecore::EClass = modelFacet.metaClass.ecoreClass in _eClass_.ePackage.nsURI = 'http://ns.storydriven.org/sdm/activities/0.1.0' and _eClass_.name = 'StatementNode') and (let _containmentMF_:ecore::EStructuralFeature = modelFacet.containmentMetaFeature.ecoreFeature in (let _eClass_:ecore::EClass = _containmentMF_.eContainingClass in _eClass_.ePackage.nsURI = 'http://ns.storydriven.org/sdm/activities/0.1.0' and _eClass_.name = 'Activity') and _containmentMF_.name = 'ownedActivityNode')">
    <nodeLabelTraces visualID="5001" queryText="true"/>
    <compartmentTraces visualID="7016" queryText="true"/>
  </nodeTraces>
  <nodeTraces visualID="2005" queryText="(let _eClass_:ecore::EClass = modelFacet.metaClass.ecoreClass in _eClass_.ePackage.nsURI = 'http://ns.storydriven.org/sdm/activities/0.1.0' and _eClass_.name = 'StructuredNode') and (let _containmentMF_:ecore::EStructuralFeature = modelFacet.containmentMetaFeature.ecoreFeature in (let _eClass_:ecore::EClass = _containmentMF_.eContainingClass in _eClass_.ePackage.nsURI = 'http://ns.storydriven.org/sdm/activities/0.1.0' and _eClass_.name = 'Activity') and _containmentMF_.name = 'ownedActivityNode')">
    <nodeLabelTraces visualID="5004" queryText="true"/>
    <compartmentTraces visualID="7001" queryText="true"/>
  </nodeTraces>
  <nodeTraces visualID="2007" queryText="(let _eClass_:ecore::EClass = modelFacet.metaClass.ecoreClass in _eClass_.ePackage.nsURI = 'http://ns.storydriven.org/sdm/activities/0.1.0' and _eClass_.name = 'ModifyingStoryNode') and (let _containmentMF_:ecore::EStructuralFeature = modelFacet.containmentMetaFeature.ecoreFeature in (let _eClass_:ecore::EClass = _containmentMF_.eContainingClass in _eClass_.ePackage.nsURI = 'http://ns.storydriven.org/sdm/activities/0.1.0' and _eClass_.name = 'Activity') and _containmentMF_.name = 'ownedActivityNode')">
    <nodeLabelTraces visualID="5007" queryText="true"/>
    <compartmentTraces visualID="7006" queryText="true"/>
    <compartmentTraces visualID="7007" queryText="true"/>
  </nodeTraces>
  <childNodeTraces visualID="3001" queryText="(let _eClass_:ecore::EClass = modelFacet.metaClass.ecoreClass in _eClass_.ePackage.nsURI = 'http://ns.storydriven.org/sdm/activities/0.1.0' and _eClass_.name = 'JunctionNode') and (let _containmentMF_:ecore::EStructuralFeature = modelFacet.containmentMetaFeature.ecoreFeature in (let _eClass_:ecore::EClass = _containmentMF_.eContainingClass in _eClass_.ePackage.nsURI = 'http://ns.storydriven.org/sdm/activities/0.1.0' and _eClass_.name = 'StructuredNode') and _containmentMF_.name = 'ownedActivityNode')"/>
  <childNodeTraces visualID="3002" queryText="(let _eClass_:ecore::EClass = modelFacet.metaClass.ecoreClass in _eClass_.ePackage.nsURI = 'http://ns.storydriven.org/sdm/activities/0.1.0' and _eClass_.name = 'StartNode') and (let _containmentMF_:ecore::EStructuralFeature = modelFacet.containmentMetaFeature.ecoreFeature in (let _eClass_:ecore::EClass = _containmentMF_.eContainingClass in _eClass_.ePackage.nsURI = 'http://ns.storydriven.org/sdm/activities/0.1.0' and _eClass_.name = 'StructuredNode') and _containmentMF_.name = 'ownedActivityNode')"/>
  <childNodeTraces visualID="3003" queryText="(let _eClass_:ecore::EClass = modelFacet.metaClass.ecoreClass in _eClass_.ePackage.nsURI = 'http://ns.storydriven.org/sdm/activities/0.1.0' and _eClass_.name = 'StatementNode') and (let _containmentMF_:ecore::EStructuralFeature = modelFacet.containmentMetaFeature.ecoreFeature in (let _eClass_:ecore::EClass = _containmentMF_.eContainingClass in _eClass_.ePackage.nsURI = 'http://ns.storydriven.org/sdm/activities/0.1.0' and _eClass_.name = 'StructuredNode') and _containmentMF_.name = 'ownedActivityNode')">
    <nodeLabelTraces visualID="5002" queryText="true"/>
    <compartmentTraces visualID="7017" queryText="true"/>
  </childNodeTraces>
  <childNodeTraces visualID="3004" queryText="(let _eClass_:ecore::EClass = modelFacet.metaClass.ecoreClass in _eClass_.ePackage.nsURI = 'http://ns.storydriven.org/sdm/activities/0.1.0' and _eClass_.name = 'StopNode') and (let _containmentMF_:ecore::EStructuralFeature = modelFacet.containmentMetaFeature.ecoreFeature in (let _eClass_:ecore::EClass = _containmentMF_.eContainingClass in _eClass_.ePackage.nsURI = 'http://ns.storydriven.org/sdm/activities/0.1.0' and _eClass_.name = 'StructuredNode') and _containmentMF_.name = 'ownedActivityNode')"/>
  <childNodeTraces visualID="3005" queryText="(let _eClass_:ecore::EClass = modelFacet.metaClass.ecoreClass in _eClass_.ePackage.nsURI = 'http://ns.storydriven.org/sdm/activities/0.1.0' and _eClass_.name = 'StructuredNode') and (let _containmentMF_:ecore::EStructuralFeature = modelFacet.containmentMetaFeature.ecoreFeature in (let _eClass_:ecore::EClass = _containmentMF_.eContainingClass in _eClass_.ePackage.nsURI = 'http://ns.storydriven.org/sdm/activities/0.1.0' and _eClass_.name = 'StructuredNode') and _containmentMF_.name = 'ownedActivityNode')">
    <nodeLabelTraces visualID="5003" queryText="true"/>
    <compartmentTraces visualID="7002" queryText="true"/>
  </childNodeTraces>
  <childNodeTraces visualID="3008" queryText="(let _eClass_:ecore::EClass = modelFacet.metaClass.ecoreClass in _eClass_.ePackage.nsURI = 'http://ns.storydriven.org/sdm/patterns/0.1.0' and _eClass_.name = 'StoryPattern') and (let _containmentMF_:ecore::EStructuralFeature = modelFacet.containmentMetaFeature.ecoreFeature in (let _eClass_:ecore::EClass = _containmentMF_.eContainingClass in _eClass_.ePackage.nsURI = 'http://ns.storydriven.org/sdm/activities/0.1.0' and _eClass_.name = 'ModifyingStoryNode') and _containmentMF_.name = 'ownedRule')">
    <compartmentTraces visualID="7008" queryText="true"/>
  </childNodeTraces>
  <childNodeTraces visualID="3011" queryText="(let _eClass_:ecore::EClass = modelFacet.metaClass.ecoreClass in _eClass_.ePackage.nsURI = 'http://ns.storydriven.org/sdm/activities/0.1.0' and _eClass_.name = 'ModifyingStoryNode') and (let _containmentMF_:ecore::EStructuralFeature = modelFacet.containmentMetaFeature.ecoreFeature in (let _eClass_:ecore::EClass = _containmentMF_.eContainingClass in _eClass_.ePackage.nsURI = 'http://ns.storydriven.org/sdm/activities/0.1.0' and _eClass_.name = 'StructuredNode') and _containmentMF_.name = 'ownedActivityNode')">
    <nodeLabelTraces visualID="5010" queryText="true"/>
    <compartmentTraces visualID="7011" queryText="true"/>
    <compartmentTraces visualID="7012" queryText="true"/>
  </childNodeTraces>
  <childNodeTraces visualID="3012" queryText="(let _eClass_:ecore::EClass = modelFacet.metaClass.ecoreClass in _eClass_.ePackage.nsURI = 'http://ns.storydriven.org/sdm/patterns/0.1.0' and _eClass_.name = 'ObjectVariable') and (let _containmentMF_:ecore::EStructuralFeature = modelFacet.containmentMetaFeature.ecoreFeature in (let _eClass_:ecore::EClass = _containmentMF_.eContainingClass in _eClass_.ePackage.nsURI = 'http://ns.storydriven.org/sdm/patterns/0.1.0' and _eClass_.name = 'StoryPattern') and _containmentMF_.name = 'variable')">
    <nodeLabelTraces visualID="5015" queryText="true"/>
    <nodeLabelTraces visualID="5016" queryText="true"/>
    <nodeLabelTraces visualID="5017" queryText="true"/>
    <compartmentTraces visualID="7013" queryText="true"/>
    <compartmentTraces visualID="7014" queryText="true"/>
  </childNodeTraces>
  <childNodeTraces visualID="3013" queryText="(let _eClass_:ecore::EClass = modelFacet.metaClass.ecoreClass in _eClass_.ePackage.nsURI = 'http://ns.storydriven.org/sdm/patterns/0.1.0' and _eClass_.name = 'AttributeAssignment') and (let _containmentMF_:ecore::EStructuralFeature = modelFacet.containmentMetaFeature.ecoreFeature in (let _eClass_:ecore::EClass = _containmentMF_.eContainingClass in _eClass_.ePackage.nsURI = 'http://ns.storydriven.org/sdm/patterns/0.1.0' and _eClass_.name = 'ObjectVariable') and _containmentMF_.name = 'attributeAssignment')"/>
  <childNodeTraces visualID="3014" queryText="(let _eClass_:ecore::EClass = modelFacet.metaClass.ecoreClass in _eClass_.ePackage.nsURI = 'http://ns.storydriven.org/sdm/patterns/0.1.0' and _eClass_.name = 'PrimitiveVariable') and (let _containmentMF_:ecore::EStructuralFeature = modelFacet.containmentMetaFeature.ecoreFeature in (let _eClass_:ecore::EClass = _containmentMF_.eContainingClass in _eClass_.ePackage.nsURI = 'http://ns.storydriven.org/sdm/patterns/0.1.0' and _eClass_.name = 'StoryPattern') and _containmentMF_.name = 'variable')">
    <nodeLabelTraces visualID="5018" queryText="true"/>
    <nodeLabelTraces visualID="5019" queryText="true"/>
    <compartmentTraces visualID="7015" queryText="true"/>
  </childNodeTraces>
  <childNodeTraces visualID="3015" queryText="(let _eClass_:ecore::EClass = modelFacet.metaClass.ecoreClass in _eClass_.ePackage.nsURI = 'http://ns.storydriven.org/sdm/expressions/0.1.0' and _eClass_.name = 'TextualExpression') and (let _containmentMF_:ecore::EStructuralFeature = modelFacet.containmentMetaFeature.ecoreFeature in (let _eClass_:ecore::EClass = _containmentMF_.eContainingClass in _eClass_.ePackage.nsURI = 'http://ns.storydriven.org/sdm/activities/0.1.0' and _eClass_.name = 'StatementNode') and _containmentMF_.name = 'statementExpression')"/>
  <linkTraces visualID="4001" queryText="modelFacet.oclIsKindOf(gmfgen::TypeLinkModelFacet) and (let _eClass_:ecore::EClass = modelFacet.oclAsType(gmfgen::TypeLinkModelFacet).metaClass.ecoreClass in _eClass_.ePackage.nsURI = 'http://ns.storydriven.org/sdm/activities/0.1.0' and _eClass_.name = 'ActivityEdge')">
    <linkLabelTraces visualID="6001" queryText="true"/>
  </linkTraces>
  <linkTraces visualID="4002" queryText="modelFacet.oclIsKindOf(gmfgen::TypeLinkModelFacet) and (let _eClass_:ecore::EClass = modelFacet.oclAsType(gmfgen::TypeLinkModelFacet).metaClass.ecoreClass in _eClass_.ePackage.nsURI = 'http://ns.storydriven.org/sdm/patterns/0.1.0' and _eClass_.name = 'LinkVariable')"/>
</trace:TraceModel>
